-------------------------------------------------------------------------------
Test set: com.online.todolist.TaskControllerTest
-------------------------------------------------------------------------------
Tests run: 2, Failures: 0, Errors: 2, Skipped: 0, Time elapsed: 19.47 s <<< FAILURE! - in com.online.todolist.TaskControllerTest
testCreateTask(com.online.todolist.TaskControllerTest)  Time elapsed: 0.008 s  <<< ERROR!
java.lang.IllegalStateException: Failed to load ApplicationContext
Caused by: org.springframework.beans.factory.BeanCreationException: 
Error creating bean with name 'entityManagerFactory' defined in class path resource [org/springframework/boot/autoconfigure/orm/jpa/HibernateJpaConfiguration.class]: Initialization of bean failed; nested exception is org.springframework.jdbc.datasource.init.ScriptStatementFailedException: Failed to execute SQL script statement #1 of URL [file:/E:/Darshan/WorkspaceSpring/spring-boot-database-security-master.zip_expanded/spring-boot-database-security-master/target/classes/data.sql]: INSERT INTO ROLE VALUES (1, 'ADMIN'); nested exception is org.h2.jdbc.JdbcSQLException: Unique index or primary key violation: "PRIMARY KEY ON PUBLIC.ROLE(ROLE_ID)"; SQL statement:
INSERT INTO ROLE VALUES (1, 'ADMIN') [23505-197]
Caused by: org.springframework.jdbc.datasource.init.ScriptStatementFailedException: 
Failed to execute SQL script statement #1 of URL [file:/E:/Darshan/WorkspaceSpring/spring-boot-database-security-master.zip_expanded/spring-boot-database-security-master/target/classes/data.sql]: INSERT INTO ROLE VALUES (1, 'ADMIN'); nested exception is org.h2.jdbc.JdbcSQLException: Unique index or primary key violation: "PRIMARY KEY ON PUBLIC.ROLE(ROLE_ID)"; SQL statement:
INSERT INTO ROLE VALUES (1, 'ADMIN') [23505-197]
Caused by: org.h2.jdbc.JdbcSQLException: 
Unique index or primary key violation: "PRIMARY KEY ON PUBLIC.ROLE(ROLE_ID)"; SQL statement:
INSERT INTO ROLE VALUES (1, 'ADMIN') [23505-197]

contextLoads(com.online.todolist.TaskControllerTest)  Time elapsed: 0.005 s  <<< ERROR!
java.lang.IllegalStateException: Failed to load ApplicationContext
Caused by: org.springframework.beans.factory.BeanCreationException: 
Error creating bean with name 'entityManagerFactory' defined in class path resource [org/springframework/boot/autoconfigure/orm/jpa/HibernateJpaConfiguration.class]: Initialization of bean failed; nested exception is org.springframework.jdbc.datasource.init.ScriptStatementFailedException: Failed to execute SQL script statement #1 of URL [file:/E:/Darshan/WorkspaceSpring/spring-boot-database-security-master.zip_expanded/spring-boot-database-security-master/target/classes/data.sql]: INSERT INTO ROLE VALUES (1, 'ADMIN'); nested exception is org.h2.jdbc.JdbcSQLException: Unique index or primary key violation: "PRIMARY KEY ON PUBLIC.ROLE(ROLE_ID)"; SQL statement:
INSERT INTO ROLE VALUES (1, 'ADMIN') [23505-197]
Caused by: org.springframework.jdbc.datasource.init.ScriptStatementFailedException: 
Failed to execute SQL script statement #1 of URL [file:/E:/Darshan/WorkspaceSpring/spring-boot-database-security-master.zip_expanded/spring-boot-database-security-master/target/classes/data.sql]: INSERT INTO ROLE VALUES (1, 'ADMIN'); nested exception is org.h2.jdbc.JdbcSQLException: Unique index or primary key violation: "PRIMARY KEY ON PUBLIC.ROLE(ROLE_ID)"; SQL statement:
INSERT INTO ROLE VALUES (1, 'ADMIN') [23505-197]
Caused by: org.h2.jdbc.JdbcSQLException: 
Unique index or primary key violation: "PRIMARY KEY ON PUBLIC.ROLE(ROLE_ID)"; SQL statement:
INSERT INTO ROLE VALUES (1, 'ADMIN') [23505-197]

